Jul 2 23:59:00 TASK:1 -- receive
Jul 2 23:59:01 TASK:2 -- receive
Jul 2 23:59:10.037 TASK:2 -- start
2025-07-02T23:59:20 TASK:1 -- start
Jul 2 23:59:25 TASK:1 -- finish
Jul 2 23:59:30 TASK:2 -- finish
2025-06-23 23:32:22.175 [info] extension is now active! Node.js:v22.15.1, VSCode:1.101.1, Platform:darwin-arm64
2025-06-23 23:32:32.037 [info] 3.62 ms: list src/avatarManager.ts
2025-06-23 23:32:32.037 [info] 16.96 ms: list src/commands.ts
2025-06-23 23:32:32.037 [info] 17.16 ms: list src/config.ts
2025-06-23 23:32:32.037 [info] 17.39 ms: list src/dataSource.ts
2025-06-23 23:32:32.037 [info] 17.57 ms: list src/diffDocProvider.ts
2025-06-23 23:32:32.037 [info] 17.71 ms: list src/extension.ts
2025-06-23 23:32:32.037 [info] 17.84 ms: list src/extensionState.ts
2025-06-23 23:32:32.037 [info] 17.97 ms: list src/gitGraphView.ts
2025-06-23 23:32:32.037 [info] 18.10 ms: list src/logger.ts
2025-06-23 23:32:32.037 [info] 18.23 ms: list src/repoFileWatcher.ts
2025-06-23 23:32:32.037 [info] 18.36 ms: list src/repoManager.ts
2025-06-23 23:32:32.037 [info] 18.48 ms: list src/statusBarItem.ts
2025-06-23 23:32:32.037 [info] 18.60 ms: list src/types.ts
2025-06-23 23:32:32.037 [info] 18.72 ms: list src/utils.ts
2025-06-23 23:32:32.037 [info] 18.83 ms: list src/askpass/askpassMain.ts
2025-06-23 23:32:32.037 [info] 18.96 ms: list src/askpass/askpassManager.ts
2025-06-23 23:32:32.037 [info] 19.10 ms: list src/life-cycle/startup.ts
2025-06-23 23:32:32.037 [info] 19.22 ms: list src/life-cycle/uninstall.ts
2025-06-23 23:32:32.037 [info] 19.34 ms: list src/life-cycle/utils.ts
2025-06-23 23:32:32.037 [info] 19.45 ms: list src/utils/bufferedQueue.ts
2025-06-23 23:32:32.037 [info] 19.58 ms: list src/utils/disposable.ts
2025-06-23 23:32:32.037 [info] 19.70 ms: list src/utils/event.ts
2025-06-23 23:32:32.037 [info] 19.82 ms: list src/utils/@types/node/index.d.ts
2025-06-23 23:32:32.046 [info] 29.65 ms
2025-06-23 23:32:32.046 [info] コード関係図へようこそ！
